
Apr  1 23:05 [A0084-01_sum[*,1,1]]: A0084-01
avg:      414.6  rms:      68.97   snr:     6.01
avg:      399.3  rms:      64.91   snr:     6.15
avg:      412.5  rms:      68.96   snr:     5.98

Apr  1 23:08 [A0084-01_av]: A0084-01
avg:      199.7  rms:      32.49   snr:     6.15
avg:      206.3  rms:      34.91   snr:     5.91

Apr  1 23:09 [A2469-12_sum[*,1,1]]: A2469-12
avg:      491.8  rms:      87.22   snr:     5.64
avg:       524.  rms:      82.35   snr:     6.36

Apr  1 23:10 [A2469-12_av[*,1]]: A2469-12
avg:      164.4  rms:      27.62   snr:     5.95
avg:      174.6  rms:      26.53   snr:     6.58

Apr  1 23:11 [A2170-03_sum[*,1,1]]: A2170-03
avg:      3928.  rms:      223.7   snr:    17.56
avg:      3455.  rms:      222.2   snr:    15.55

Apr  1 23:12 [A2170-03_av[*,1]]: A2170-03
avg:      1308.  rms:      74.19   snr:    17.63
avg:      1150.  rms:      73.46   snr:    15.65

Apr  1 23:13 [A2243-04_sum[*,1,1]]: A2243-04
avg:      1489.  rms:      167.1   snr:     8.91
avg:      1569.  rms:      105.9   snr:    14.81

Apr  1 23:14 [A2243-04_av[*,1]]: A2243-04
avg:      498.4  rms:      52.72   snr:     9.45
avg:      523.3  rms:        33.   snr:    15.86

Apr  1 23:16 [kopff27_sum[*,1,1]]: Kopff
avg:     31898.  rms:      861.4   snr:    37.03
avg:     16750.  rms:      2740.   snr:     6.11

Apr  1 23:16 [kopff27_av]: Kopff
avg:     15960.  rms:      424.1   snr:    37.63
avg:      8337.  rms:      1345.   snr:     6.20
